{
  "RSpec": {
    "coverage": {
      "/home/cheerful-cable-7864/tic-tac-toe-rb-ruby-intro-000/lib/tic_tac_toe.rb": [
        null,
        null,
        null,
        1,
        null,
        null,
        null,
        null,
        null,
        null,
        null,
        null,
        null,
        1,
        12,
        17,
        null,
        16,
        1,
        1,
        null,
        0,
        null,
        null,
        null,
        null,
        15,
        0,
        null,
        null,
        null,
        null,
        null,
        null,
        null,
        1,
        20,
        20,
        20,
        20,
        20,
        null,
        null,
        null,
        1,
        22,
        22,
        22,
        null,
        null,
        null,
        null,
        1,
        22,
        null,
        null,
        1,
        10,
        null,
        null,
        1,
        19,
        null,
        19,
        0,
        0,
        19,
        1,
        1,
        null,
        null,
        null,
        null,
        null,
        null,
        1,
        21,
        null,
        null,
        1,
        24,
        null,
        null,
        null,
        null,
        null,
        null,
        1,
        20,
        20,
        19,
        19,
        null,
        null,
        18,
        null,
        18,
        null,
        1,
        null,
        null,
        null,
        1,
        null,
        65,
        null,
        null,
        490,
        490,
        490,
        null,
        490,
        490,
        490,
        null,
        490,
        2,
        488,
        7,
        null,
        null,
        56,
        null,
        null,
        null,
        null,
        1,
        127,
        null,
        null,
        1,
        null,
        29,
        1,
        null,
        28,
        null,
        null,
        null,
        null,
        null,
        1,
        20,
        9,
        null,
        11,
        null,
        null,
        null,
        null,
        1,
        3,
        3,
        3,
        null,
        null,
        2,
        1,
        null,
        1,
        null,
        null,
        null
      ]
    },
    "timestamp": 1621386326
  }
}
